500
0 9602 1210 3072 7995 9540 4407 9084 2382 9124 3411 5498 2337 7950 4326 4020 
1 1010 2129 4809 1019 9159 8972 8977 9455 3624 7955 
2 1926 5937 978 9662 9889 8822 1424 9871 6237 2505 575 2407 
3 2549 7562 3606 3069 9428 9035 656 2988 3819 2811 7598 2069 1839 9723 1071 8293 
4 7487 8768 9237 1947 3467 5634 2762 2786 4297 5981 9669 5715 7153 
5 3075 3967 6742 9568 7868 2953 404 6783 1792 3823 2383 155 
6 6925 7024 2844 1113 5598 2244 5204 3334 9559 6825 6606 1174 1134 
7 9544 1945 5368 4769 8411 7976 9515 3135 3511 4932 2539 1014 2485 6134 8994 1668 
8 3759 4844 7363 9434 6524 1050 2074 8137 1863 1807 7302 2963 7050 9265 7762 
9 426 7982 410 7189 5774 7591 5553 2334 6226 4578 5636 7413 
10 1055 8798 8441 9809 179 2234 3134 8821 8636 7617 5004 3045 9260 3004 2643 3894 
11 6238 6995 4049 5070 6881 3843 4601 2950 2503 7243 1195 866 
12 3747 2625 1930 6223 453 2359 6011 8064 7512 1600 1950 1110 5880 
13 4243 5265 7665 9795 8346 9285 3341 6712 5977 4039 1954 3921 8533 2630 3509 7786 1780 4346 4765 
14 2384 1214 1846 3710 5015 4484 646 6529 7625 6512 221 1091 4035 
15 1632 9660 5364 8768 3810 382 3628 7229 6482 8994 
16 6848 2820 6870 3746 6008 2694 2833 1663 8136 8352 
17 9245 6452 833 3985 8477 5199 9235 6812 2129 1541 8233 6635 7153 
18 5041 8038 1179 8624 483 2177 9385 3418 9070 5519 7222 9990 2986 
19 6131 4001 8278 8089 3105 6430 6956 5026 9127 8979 4863 
20 1347 3400 8236 4607 2246 3217 3045 1014 4100 5651 6287 838 4176 7762 
21 8962 5159 8222 6846 524 6717 5091 5026 6598 3053 323 4352 3758 
22 5214 9512 1200 5935 3390 4592 1520 5512 7459 2906 796 
23 9894 869 4406 9969 9735 184 8007 8239 9758 5722 5534 90 6545 6153 7296 2 
24 4804 5051 8158 5146 8787 1443 1551 3649 292 4785 133 5251 8601 6889 1125 
25 6745 3765 4179 1080 1904 74 9761 235 5143 7928 4293 5385 8445 2322 5437 
26 6814 6096 9630 413 3800 504 816 4113 6139 1889 2066 8268 7949 
27 7712 8059 5362 4379 2329 9808 4955 4908 5812 4526 
28 1336 4763 5868 264 5941 8459 693 2627 7542 6990 4172 8181 5636 8599 6938 
29 2891 4239 8689 5333 5419 9019 7930 9269 9422 9692 3231 8031 8681 6511 8907 321 2962 
30 933 6157 2168 9400 1403 2015 4571 8443 817 9750 4106 7075 6225 979 2 
31 3189 7927 835 178 1932 4158 4273 4369 7442 9162 457 5621 5636 8043 9533 
32 478 2425 2259 8192 6411 8244 216 7066 2288 
33 9154 2997 9410 944 1071 4085 711 8113 3466 7399 5341 9545 
34 6806 7213 2776 4494 8027 4840 3937 8800 7673 9347 8769 3126 2302 5244 6406 5748 9842 420 447 199 
35 9494 2939 4489 4628 3453 6125 3862 4574 4555 3389 1217 3190 4134 979 
36 6133 2945 4121 5854 6429 9394 6397 8808 534 1930 76 3144 
37 8436 2669 1863 1558 2339 5632 7927 808 7717 5446 9533 
38 1897 9114 1302 2495 4068 9557 3464 8419 9407 9087 2816 2092 4824 1125 
39 2721 975 232 7981 5950 1255 9425 933 1806 8337 1490 2138 3942 8419 1697 2929 3543 8431 
40 3254 2265 1733 8510 6195 7089 6658 1417 815 7704 8994 
41 2032 3446 1547 5304 219 4826 8981 9853 659 5612 9044 9533 5869 
42 5554 5407 1157 1635 3887 9898 4479 3161 4892 9666 4583 6717 7949 412 
43 5971 1278 8126 9210 5977 6483 3484 2034 5748 
44 5820 7619 4570 8117 3899 1235 6325 5605 3164 1219 1524 4341 
45 1190 2360 4177 5648 8074 3145 5264 5200 7526 434 6774 1095 4805 3783 
46 2224 9387 7617 8314 4982 1196 9087 683 4959 4930 8704 9755 6306 5064 1774 2288 
47 5012 1794 870 8323 6107 5216 6118 2960 3412 3772 6343 7379 6978 9129 
48 4406 6090 3565 7283 3063 9937 1280 9898 7244 1515 221 1557 
49 6874 1561 2660 2596 9375 6904 3517 3567 9284 9635 8017 5219 
50 2278 7561 7025 290 2596 9284 333 6834 6559 3016 8027 7321 991 9968 
51 414 68 9613 2464 9357 5234 5439 7185 7352 4145 3963 8762 4765 6258 
52 8984 7991 2973 8079 927 6013 6976 3886 3383 4523 5019 5869 
53 1951 3034 5154 2548 6830 810 6190 9330 1208 1253 5572 6938 
54 4635 5505 6662 6761 6129 4461 2369 5160 1452 2552 8019 8319 4733 9795 9551 6030 935 
55 7506 3917 8383 8942 5819 9853 936 565 1560 8235 935 
56 5020 4001 3589 6088 7817 2738 4106 6792 4840 4216 2876 7050 9993 4528 2121 
57 5066 3815 3383 6526 6386 7686 9495 1481 7610 1297 2644 1201 7210 732 3012 2288 
58 3497 1463 1376 4681 12 2459 3540 2667 7770 1782 3285 935 7699 
59 4258 9786 5203 3917 9226 5790 7156 51 7076 1445 9395 8431 7699 3936 
60 1038 346 1516 8799 7416 9056 9026 6442 1370 3379 4985 
61 7350 9531 5450 6304 2505 6699 5517 6838 4330 1559 5396 6236 1557 6327 3894 
62 2249 9512 6758 740 6097 5140 2795 1755 8714 3262 2003 4985 3894 427 
63 9435 265 1500 2057 7115 4403 1505 4409 411 6888 3319 7915 7890 4579 2867 3703 139 2555 
64 9295 3013 7229 6747 4899 9814 519 4406 4289 7642 5006 
65 470 1460 3333 1007 957 6416 9422 5300 1659 3728 8125 3982 
66 8674 5892 6989 7443 4532 3909 2110 8446 9996 1736 3043 6258 935 3894 
67 4652 9960 2626 7698 674 2905 9390 7645 4927 5912 7740 2019 4222 2409 4967 7001 9848 
68 7052 3508 4864 4641 4232 6783 3255 9585 2720 6638 8754 7950 7874 9533 
69 9328 7660 4646 8616 478 7201 8280 5443 3274 625 
70 4416 6001 7048 6091 2362 1706 6410 2425 1949 8426 5726 3146 8068 5122 707 
71 5697 3563 5222 5588 4939 4780 4502 2430 4896 3345 3416 4514 6625 6101 
72 2993 7613 4956 9881 3652 5145 9928 1606 414 6901 9027 8994 
73 1811 7371 7734 6108 9460 2430 4854 6900 5451 1287 2533 8193 8406 
74 7352 9938 2395 9661 9218 314 1100 7825 6427 286 6747 7845 8982 511 1625 
75 2989 8098 7924 3544 4997 7412 7397 6890 1434 925 9139 3936 
76 775 6971 6358 8018 9671 7400 9845 5244 2567 3901 4695 5053 
77 8854 9137 4476 132 9156 6703 5281 9315 7453 1685 8628 5465 2875 647 4377 238 9160 5677 321 
78 3667 2032 5275 2178 1698 3322 6850 6957 802 3559 3325 5097 2013 6101 7652 8125 
79 6217 6740 3717 8466 9195 1804 2451 6346 2534 399 79 
80 6192 4181 4509 9424 6107 8561 7723 1332 8787 7852 
81 7248 7494 4588 1453 192 3693 6688 3839 6487 2240 
82 7903 8493 7624 2551 1703 773 7701 1230 9014 8363 9592 6161 9545 
83 1624 7101 7141 762 9150 8956 5347 9890 4072 9062 3990 952 1299 
84 6885 6637 3780 5336 4109 8809 1547 1734 232 1761 6336 4337 9709 3303 1252 5715 
85 2694 9362 4103 4226 3840 3566 9508 7927 1131 5359 5129 8125 
86 2961 4782 1895 693 1785 1946 4819 6048 129 4378 3946 4786 6054 
87 1460 96 5874 1783 8232 1160 9850 2410 5984 5365 4886 2643 
88 5707 1457 3508 2119 2093 7069 101 2372 8790 2877 5929 3109 742 8193 3074 
89 9939 4291 4867 2438 7188 3017 649 2132 7472 5383 3586 2 
90 9289 5506 2909 5662 419 2464 4631 8612 6445 9174 9904 4929 2306 713 5286 9404 935 6613 
91 4773 6858 967 8286 7277 8736 1147 828 7697 4577 2856 2128 9968 
92 9702 4085 385 4510 5081 3614 6274 5422 733 783 9635 2264 1668 321 
93 3411 1435 3744 2692 1431 3938 9957 6824 4812 6071 8685 5412 
94 9292 2909 8361 5711 9746 2701 4033 407 140 3082 5905 7665 6967 1984 7762 
95 9271 7156 9559 6505 1669 1685 2795 9831 5232 7986 4172 5418 9031 1042 6613 
96 1103 7227 3097 4464 5628 9478 9812 3465 2107 9721 839 432 7731 3052 8899 8830 4377 
97 4200 7546 301 1545 3553 2203 379 961 2468 8885 9521 1979 
98 1811 2050 4751 3363 1165 7503 3556 8668 2008 7547 3853 4624 2240 3012 
99 1712 9457 5976 2369 5890 7831 9187 1968 3910 5258 9085 7296 2340 7949 
100 791 9122 7255 4949 1346 9095 6052 4472 9295 9197 8284 732 9224 2962 
101 1675 1694 6667 4806 2123 8965 4934 2337 8003 9439 512 7219 7968 148 9848 
102 3327 2069 160 1168 159 6304 5160 658 6203 4020 
103 5256 6806 4082 9561 6200 9883 781 9922 3910 8456 3316 
104 5275 1002 9542 2750 3282 9692 6336 7336 3603 4724 129 9400 2057 3584 6101 1668 9007 
105 2479 6663 4578 6085 8962 3554 8208 7786 6582 7521 
106 336 8999 2129 1237 7216 3448 4934 1972 7107 110 3184 2005 2465 5583 6547 
107 4850 9371 585 2958 612 5818 2039 5897 4802 2034 3562 9886 7896 1060 9731 7762 3982 
108 8995 5527 913 5150 5465 2104 5045 5076 7882 1721 564 9135 216 9538 199 5762 2790 6534 7864 9244 
109 4794 4370 6860 2769 463 936 3297 4212 1895 3129 8830 412 9007 5715 
110 8291 5847 4080 6478 3286 9571 7135 9309 4551 37 6213 
111 2046 6177 9203 9198 4979 3417 7097 4740 168 9001 358 4531 7413 
112 9204 1416 8152 1603 8678 3143 1707 4529 8406 
113 5353 4734 561 7081 6591 8513 7015 251 8431 
114 3849 8451 4757 2749 8606 3216 4145 8488 5245 4379 1952 9621 3491 5921 8713 79 6613 
115 419 3617 9890 4456 4100 8536 2469 5407 5201 6949 8406 321 
116 5835 6556 793 7873 9411 8935 4667 5173 8570 1465 6273 9374 6054 
117 9484 3179 6935 3912 7996 1612 7778 3838 3812 1401 1496 
118 7620 9222 1007 8158 4461 4059 2526 4875 5230 1004 7285 3894 
119 3907 3126 9392 8521 3891 8120 8893 7350 5940 41 2052 1383 
120 7235 809 2306 8021 506 2953 8238 2795 9693 8439 1979 
121 7382 8009 3317 912 1740 3018 345 9322 2853 3170 7899 3504 5826 5917 199 
122 5181 5371 2033 4500 9484 9730 8876 3558 1412 8081 8614 3144 5507 2962 
123 9599 7340 6111 7075 9421 5467 7094 8012 6861 9478 321 
124 5292 1733 4241 2620 7242 1102 4559 1340 4609 9283 3505 9139 79 
125 4899 3365 3001 1162 8046 1669 7488 5683 1691 2326 6101 5445 6672 9007 
126 5703 1801 8281 5442 5517 3447 5766 270 120 7447 2424 8978 8925 6327 1774 
127 4452 7092 2451 5939 1346 7269 8048 6760 2301 5780 88 6817 3830 
128 1050 8301 8393 7878 3915 5856 4594 6122 218 4789 5492 7367 7429 3032 5848 2288 2962 
129 4555 8040 3525 4780 2825 2718 2604 9746 2589 2317 7692 2881 6897 782 3586 2 
130 9766 637 2733 3689 1822 3380 4694 7290 6819 944 948 1816 9485 1246 8373 3827 4783 2198 8644 5099 7153 2 8125 2962 
131 669 2008 547 4025 1303 2844 9865 6069 1321 9966 164 1050 9197 
132 1958 7394 4874 7261 3442 657 2536 6795 3419 3184 7285 
133 3461 1179 9018 1483 6379 1052 6248 6989 326 8269 753 3836 
134 6629 8534 7274 5447 5631 8151 4659 4774 8229 3864 858 7992 8812 
135 4197 9985 6003 488 8815 4911 265 6663 4089 2690 4957 1790 5451 6014 
136 5024 8575 3272 9790 6207 6062 3934 1778 1153 9555 2 9842 
137 6068 9117 8714 6039 8613 8897 1458 3495 4659 7147 
138 7580 5399 3069 8969 8572 953 5729 5766 3943 4619 4698 76 6054 321 
139 5532 6427 9538 6768 2905 2539 1300 2501 8404 6238 867 6170 1496 3144 
140 9210 448 5388 3479 6202 9909 4407 7354 8660 6224 6587 9483 935 
141 6048 2833 5376 4295 5883 1719 4498 5407 2767 8677 7048 2942 774 9777 2413 
142 6800 4711 7083 4812 9845 251 6820 6995 2008 9358 5942 8507 935 2962 5715 
143 292 8882 1349 4575 9092 1702 6224 984 831 6961 188 8140 6021 
144 3356 1370 9812 9046 8989 8525 4269 4462 5544 856 709 8140 3459 6499 111 7012 4958 199 
145 7836 874 3995 2350 2220 9817 4399 9942 7677 8426 5500 2321 9347 3830 183 8387 
146 3566 8734 4563 9069 102 9358 4981 9976 2460 7408 4916 7732 
147 1435 195 1159 6268 5696 9112 484 7695 9110 2873 7699 
148 8274 6406 2180 4209 9511 6947 8103 6760 7334 9717 2526 3447 8855 7438 
149 8530 9556 3773 5520 1247 9460 7663 4080 9894 7733 3204 4727 528 5636 2704 9533 
150 8648 318 366 1921 722 1817 3954 9237 111 9713 7762 5412 
151 6665 7334 895 5467 3077 5956 2647 7658 6947 4941 8717 5899 1815 9215 1625 2288 
152 7555 3185 677 9619 2482 8551 167 6340 6221 5155 3380 7997 
153 5332 4145 8906 2423 3962 5731 3911 3892 2589 
154 1010 7182 3907 8594 3225 9845 8842 5987 9590 9131 2062 1273 9579 4958 
155 6717 8166 2079 3469 2642 381 7746 8320 1969 7152 9387 1287 9244 2962 
156 8469 7116 4064 9676 9764 7356 9110 1975 3053 64 3797 7018 3877 935 
157 9512 4116 7797 6943 7810 7232 6908 2868 9800 1552 3004 9545 
158 2208 3525 6153 977 8976 6619 4548 6662 6432 6668 1390 6167 4343 8284 5880 7296 1105 3012 
159 3611 5926 9939 2336 3057 9291 4131 7899 72 847 
160 2823 7526 8957 2567 2029 4895 3325 8315 6210 4378 9621 6258 7949 
161 194 3917 4417 3722 1656 3925 3185 7678 1084 7826 8716 
162 8888 8159 7318 5481 219 6673 7058 1459 3398 5939 5811 4430 1248 2001 4020 
163 5424 87 6628 2222 5510 8137 4205 5178 5950 6739 5715 2240 321 
164 5402 4704 5432 7415 3298 8305 9797 510 4573 2951 1353 2986 
165 179 4147 4113 7450 3417 3821 7591 1317 6901 4209 5677 
166 1259 97 4088 7188 1586 9250 6429 5521 2828 3470 4880 8982 7895 2986 
167 1906 8072 1894 2539 1506 55 6633 4303 3679 2590 6054 
168 4376 7689 9335 2472 7576 7978 6799 3481 2208 4106 6941 1757 1083 6737 5962 
169 3546 7137 548 5725 8224 4155 5292 7697 6572 9540 9712 5178 9086 4958 3074 1668 
170 7270 568 346 8755 8915 2659 4065 6081 6139 9938 6503 469 7652 
171 619 879 2170 3084 2804 9031 1294 9973 9023 3349 3842 2865 108 9230 
172 3913 360 2599 6282 2946 9566 1749 1350 8162 597 7516 4317 8005 2013 3012 2986 
173 1846 4992 6589 5542 6373 5898 186 4084 4711 1030 6470 6729 3885 7949 4020 5748 79 
174 9421 6548 3401 2218 1514 168 5814 7426 3053 1665 1137 7392 5263 3434 3630 843 2962 
175 7059 8819 8513 8239 1692 4013 5840 4028 3966 9805 2745 1219 7615 
176 6313 7676 1581 6302 8854 2447 6695 6519 6851 4094 2688 1397 9294 1731 745 
177 2832 5560 9082 503 9902 7344 6594 7389 8439 2569 4379 6425 6962 3584 
178 8224 2456 1752 3612 742 3264 6098 1288 2067 9539 7963 5412 3077 8134 7511 9160 8994 6054 2555 
179 5317 131 8824 7626 1138 6416 9126 220 9759 1704 1321 7082 6438 7791 6534 
180 4939 735 3686 6557 9326 7935 9606 8480 3818 5490 9709 5156 979 
181 2844 8738 8638 5952 6590 3931 6038 9006 2203 5917 
182 8959 5427 3205 3167 9511 7471 1273 8798 6364 3413 9239 3883 2340 
183 5456 8175 2452 7214 8389 2590 3255 851 1286 8771 5112 
184 4523 5653 1673 6883 7284 6485 6602 8194 9361 6731 6511 8078 3607 935 2327 979 1343 5962 7296 
185 3527 6856 4111 9131 8464 3025 8253 4860 1749 7423 6895 4527 
186 9096 8227 960 90 7619 923 4340 6614 84 7950 5968 1257 7898 9013 1845 9711 4901 2898 2288 
187 4103 3657 2355 9338 6038 5572 7414 1516 8123 419 745 
188 5610 7646 7398 9711 2738 5268 7327 3661 7959 7252 8462 6327 
189 4103 2443 3524 9824 7626 4106 9429 1064 6368 8871 3079 7438 
190 9434 8211 7082 124 8876 6878 2937 4487 9035 8003 5964 1496 6613 
191 7623 7457 3424 2855 4041 3954 7327 6993 8728 4571 6935 9301 9270 
192 5803 4806 6106 9591 7848 4921 5607 7694 5929 8763 987 4483 271 5451 935 
193 547 516 8490 9155 7307 8806 1968 9682 6512 8282 9518 8428 4107 321 
194 7348 6120 3676 7432 7835 1491 5177 2651 9721 6096 517 1154 2876 3602 
195 2918 1553 2755 9562 5852 9070 9268 1949 6472 6511 4985 
196 389 1151 3370 7927 4225 2820 1835 9764 674 932 2574 5997 5340 7652 
197 7973 4071 3102 1347 2537 2507 9192 411 348 6540 4386 9528 5597 575 6258 8284 
198 9158 1128 5342 5418 413 9334 8634 1072 1294 3202 5245 3304 6030 
199 5493 9200 3953 5269 9956 1887 1371 5595 3541 5980 9299 5962 
200 3246 4233 8280 4086 3021 3040 7925 8426 7120 9007 
201 5298 1621 2388 680 5121 460 2700 2208 7575 3371 
202 3713 1973 8706 3940 5431 9825 6205 4273 2116 9397 2109 4679 
203 290 9502 1751 2203 4295 6759 3512 6271 2539 8158 6102 7055 6470 979 
204 4390 3780 3539 328 8687 7543 5595 5770 9006 2292 4102 6833 8987 6424 7713 2155 
205 809 8035 3554 1350 5498 9978 7654 2544 3932 9669 3074 
206 6703 2406 4587 5361 7387 5183 4124 791 4418 6613 
207 1417 4166 7530 6597 3083 6890 2023 2337 9757 
208 7580 5573 6328 4251 1039 3493 2360 6871 3760 4843 
209 1726 3187 2173 2675 6453 844 7142 9206 9683 3785 8177 9107 
210 587 9667 6667 9398 8619 1972 145 8097 307 4904 8475 5647 5211 3113 
211 4010 9011 8272 7321 1778 3787 849 6787 1317 8838 3092 5034 813 5043 8848 4855 
212 6593 3196 6915 3759 6541 1386 257 7590 9341 9838 6465 2 
213 8631 1186 2448 8363 5049 9821 1749 8168 3619 9734 7134 2799 3894 9244 9545 
214 1555 2609 4136 8174 8642 8573 4281 6063 4531 5786 1031 585 2489 6960 2702 349 8982 952 991 6986 7088 7762 
215 9076 458 4592 6713 461 2191 5078 2599 3258 6258 1774 
216 1746 4133 3311 9375 373 8643 357 332 2933 4919 8210 950 2136 
217 6957 9798 1879 8078 6925 9206 3092 7731 5359 3446 1285 1622 4213 2278 3582 1081 7883 4314 8994 
218 9893 3554 6580 2916 209 5289 1109 3696 5565 3109 7423 2058 7880 
219 2485 3387 8686 3439 7868 9261 4319 7830 8387 197 934 1680 8728 6111 937 3597 133 8193 3012 7762 427 5715 
220 2461 7959 5571 9165 5743 5057 9992 56 1031 2060 9023 9075 9533 5748 
221 31 4938 8510 6848 5172 3484 5683 1936 9295 8487 2264 6938 
222 1211 5261 6013 2821 4353 5671 964 3910 8683 482 3254 5838 7880 321 
223 241 9530 9588 8226 7648 8120 2985 2299 8894 7439 6178 2555 
224 1615 2998 9816 8500 8014 485 144 5078 3082 4179 1508 659 1025 3869 7206 8716 8994 
225 8037 7914 1386 7042 649 1838 3581 6754 1495 4754 9025 5848 
226 9581 8199 2024 5680 728 9059 788 9289 9379 3061 8685 238 9842 3936 79 
227 9681 7313 9630 3837 2243 1181 5724 1735 3011 7329 8195 7068 979 2555 3894 2240 
228 1847 6234 9636 3290 4203 8932 4860 2551 1820 8297 9674 6150 4045 1613 780 
229 6713 4644 7576 8110 2376 717 3734 731 9364 4026 5884 5688 5307 6778 5715 
230 8983 3487 2522 7877 4743 4722 3941 3769 9788 9654 7575 
231 9570 2417 3691 5761 2587 9267 1715 3907 6150 7606 3023 
232 4759 6493 240 1168 5050 874 9163 6741 5552 1473 705 8235 5869 5715 
233 3221 5537 3058 7890 9818 4050 3933 5305 
234 5264 8558 1139 4961 5697 186 2557 7623 5824 1734 7617 7511 2670 5752 9007 8994 
235 3473 5750 5886 7325 9522 4448 533 9481 9371 1850 3022 3240 7852 2240 5715 
236 9331 1509 9610 1727 7839 2696 2496 1140 2391 4169 971 1911 8920 6030 
237 5317 4869 1180 3415 671 2099 9599 7416 9551 2643 
238 5107 9507 6979 1196 8850 5905 8351 8443 8534 2038 9579 6054 1668 7949 
239 6517 9140 9260 5303 4713 8940 3760 796 4409 9510 3270 9965 6487 1328 5715 3012 2962 
240 9366 5711 9011 8807 3429 3288 3531 5965 7048 9777 4728 2704 3371 
241 2975 1320 3621 3409 1613 2275 3500 2141 8912 9650 1789 9084 8930 5267 1043 2615 
242 3527 2118 1836 1212 9164 4588 9449 1680 5781 2918 6257 5412 321 
243 2385 3735 1928 4732 1730 3179 715 4661 4316 8939 9395 2189 3012 
244 3045 4285 6995 7047 7084 4956 2161 2224 4577 6460 9120 7883 
245 8413 2444 6906 2893 3858 1442 7203 4713 2270 9343 5604 8124 8711 
246 826 5213 8942 5870 306 4854 7209 6132 2744 842 7057 3507 979 
247 3502 9033 1453 634 7488 3921 3526 226 4727 1546 1670 5762 2962 
248 1630 2598 771 5361 6034 3704 2754 7589 1976 5368 3707 155 6161 
249 5330 9752 8446 5831 6177 4715 6633 5732 6102 7574 2683 5670 4199 
250 3169 2460 2741 9917 4109 7090 6293 3910 3860 4608 1040 6502 7728 9979 9244 
251 3733 4384 3613 8154 4755 6993 14 2494 9689 3646 956 7643 412 745 
252 8141 1245 0 9594 8814 2382 9237 5155 441 2039 6199 1782 5509 6537 9075 
253 3058 9650 6371 8428 5495 5270 4826 5317 7522 2890 5664 1524 3877 
254 3322 3139 8971 8667 2035 5153 6813 8386 6202 8125 
255 9123 1503 1840 7702 235 7594 2906 4435 6452 1728 9822 8776 6044 5783 369 2962 3877 
256 1220 9612 5522 5924 763 1226 2172 6213 5532 1728 9842 6613 
257 6985 7611 445 7921 1640 7383 6565 160 7272 7413 7864 
258 7817 2227 5978 1368 2552 6193 7601 210 2066 9371 2877 2973 7884 7673 7736 3982 
259 5028 8953 5002 7342 6297 7536 5929 7409 6126 1380 3545 7069 6089 1772 4561 7874 9129 
260 3439 9108 9149 9946 4327 7895 8586 937 438 2920 656 5905 3229 4893 4939 2112 7367 7333 1496 7852 979 
261 7014 6022 8819 1697 2142 5000 3341 7278 4773 1856 6770 770 3727 238 2288 
262 8567 3644 5395 4993 1270 4547 1781 9536 6195 4541 8431 5412 
263 931 8172 4168 2735 9964 1090 7297 6876 6357 6204 4561 9626 7486 3845 4870 7126 9244 
264 5551 3115 7645 6164 4237 2543 172 7347 6175 9325 5077 5724 9359 3195 3089 7699 5715 
265 9314 2034 8310 4120 2536 601 9667 341 653 9807 8622 5768 8284 
266 1792 6278 9715 6417 6877 8540 6690 1527 2858 
267 8938 63 8970 3599 5777 453 8657 8457 949 2031 8661 8463 3383 
268 9067 6961 1512 5523 3138 3870 2335 5779 7857 5515 3986 9196 1250 1209 4884 3261 569 
269 5473 781 3168 5544 7550 6614 4425 28 6254 6374 1137 5326 5307 
270 7876 3090 6364 2076 8534 1331 9597 796 7904 3403 847 7759 9086 5762 
271 8024 370 2330 8603 6769 5778 3455 9385 7806 
272 8059 7626 9320 6819 5579 4122 1164 5688 790 2998 8053 6459 9007 7652 
273 4351 4865 6782 3337 4758 9365 6710 95 3936 
274 7602 7663 5978 4472 6031 1119 3205 7854 7764 2634 6305 5326 
275 5612 8217 7275 2581 2922 9898 4323 6783 3651 7939 9202 8097 1524 6258 
276 474 6656 9939 1867 2946 5804 8362 5533 7834 108 5958 8684 1180 4939 921 8387 9545 
277 2749 9757 1714 1431 8386 5227 1664 9606 9737 3665 3724 8918 9669 4901 
278 5274 6225 2333 9333 1618 4976 3942 5988 2184 1909 3240 105 4020 1216 8005 79 2340 7652 2240 
279 2477 3902 7903 5680 7287 9020 7129 3841 5138 2630 79 2 
280 2776 2167 824 3664 3998 6225 1807 380 5945 2173 9902 3178 6377 5113 7992 5322 
281 2124 5870 6710 6780 804 7485 1844 7123 9630 2091 5543 8257 774 5072 3012 
282 8640 2717 6268 2941 2563 9984 336 9862 5265 3809 7088 5437 9842 
283 728 7881 5829 4067 6354 4025 2581 1010 563 7350 6739 6270 8125 
284 6152 7232 7031 7355 8175 7611 7574 8402 5014 4402 8930 3601 7749 5095 9265 1534 2240 7699 
285 4331 8298 8783 3508 3197 290 6244 9345 4211 9162 3158 6281 6054 1984 321 
286 7493 2523 5422 9070 3556 630 7359 9162 9986 
287 3963 8194 8093 9067 167 7931 3259 1929 9957 4427 2135 7200 1238 9007 
288 7093 3628 1098 9282 2937 5255 2936 8973 1113 5130 9132 1515 4362 6613 2240 
289 9263 8564 2778 8993 8870 5460 5906 8672 5916 563 6445 6855 8105 8994 
290 891 9558 542 2579 4992 413 5465 4635 1099 2694 8290 1920 5899 
291 9335 342 442 1753 9922 2469 881 4014 1127 2794 9903 2555 79 
292 7583 7346 4103 2069 2527 6027 8476 1622 5511 6898 4728 3885 2240 
293 4384 3937 2019 1492 6135 8108 8301 4086 1935 3735 2089 2750 1175 8293 
294 845 8800 7613 8897 1879 2141 4013 129 5977 2625 1798 475 6672 79 
295 3920 486 2010 563 9125 4373 6022 2513 9746 7884 2919 6453 7153 9968 
296 2167 8372 3628 2230 4030 7879 7608 6453 6404 8125 
297 9452 3297 6729 7477 3266 3714 2772 9747 7212 242 5954 141 9244 
298 6988 5769 9644 1821 1488 9237 1522 5345 4766 6675 8130 
299 5173 2594 6813 1023 7427 5624 7783 3830 3982 3936 
300 2751 2744 8778 1413 2125 1703 2154 2296 6940 1800 6545 6584 4314 321 
301 5024 4792 2503 418 2638 8857 2713 5213 863 5966 2986 935 
302 3450 6038 5990 4625 6990 7411 4202 9255 9344 6275 5096 9083 8491 4765 9533 
303 8393 797 8377 8723 4212 1806 6629 9912 4144 2524 2781 1469 7088 199 
304 972 9782 4472 5605 438 3192 9312 9666 8844 7464 9789 5942 1960 552 8227 1117 79 
305 6126 4462 5469 4795 5590 4157 8419 7207 3449 5353 1042 9075 79 
306 32 9944 5718 1796 2709 9563 1006 2598 9493 6217 3396 1835 5860 2322 321 7652 
307 3784 8383 4916 1509 6989 9278 8071 9565 599 5822 3435 3163 2986 4377 2288 
308 7174 4049 4182 2674 3881 5185 8973 1841 6221 1127 3053 552 1668 2962 
309 6259 3892 6103 9304 8971 3336 6520 4587 5546 5719 6143 5838 1216 
310 3729 9638 5601 6664 9302 2285 242 597 4271 4094 3272 8102 1981 8062 5340 4035 5715 
311 4329 7711 4966 8966 3631 6145 3053 6521 1884 1860 2289 2878 4277 5860 5054 9731 
312 5228 5013 8995 2999 1094 9067 593 1565 9807 3018 9955 3144 9842 
313 4970 9417 6844 8596 9108 975 7827 127 988 183 745 2 
314 6293 7847 6500 9498 3852 536 5789 4026 6690 6310 910 7001 259 9968 
315 1094 8962 3776 7081 7360 3289 4287 2855 7158 8644 4176 5219 7517 
316 2294 5261 9719 4130 7546 2687 9310 305 4231 7240 8644 
317 9651 9882 1200 1448 3786 1342 498 9742 925 2962 
318 389 9571 822 5582 8898 8851 6741 7433 7824 7409 1953 3707 5810 4020 
319 558 6983 4000 954 5495 4140 7717 6051 6890 7429 3144 2986 
320 3381 9456 4731 9833 7000 8746 1830 1743 6449 4121 8713 8498 3982 2962 
321 5858 8758 2960 112 8604 3818 7227 5005 725 5983 168 1359 3680 583 3326 8618 8907 1454 3936 
322 3851 4808 6854 3534 9068 8708 9872 5358 1706 4077 79 
323 9937 5897 1442 7453 338 4353 3813 7059 6902 2463 2651 2923 2005 5329 5445 9968 
324 970 2804 5805 4830 375 6265 8768 10 8841 6404 1984 2340 2240 
325 2961 1174 8124 864 7215 4487 2373 1006 1433 6780 4841 3728 6778 4020 1668 3877 
326 1371 2482 222 4247 9317 1233 5550 4939 7618 4170 2904 2288 2 
327 7515 8247 2281 7592 8225 2360 6583 6184 4596 3270 8105 1043 321 
328 8173 2759 6425 6887 7158 8430 728 904 9498 2013 2555 
329 2287 9101 3953 7620 6868 792 8745 1781 1031 1583 9545 
330 3985 9578 3820 1976 6398 9878 2559 4449 1406 7571 2252 8698 6817 450 5715 
331 3181 5196 7499 4776 895 5680 2001 6674 6852 8737 574 3232 
332 5101 9390 3971 9335 9469 6877 1556 8650 1071 9965 1097 2666 7762 
333 533 1537 8568 2588 4636 1075 2169 572 8615 6014 7949 
334 1011 7215 7571 2181 1104 153 7617 5169 6913 753 2986 
335 4418 2382 2985 6511 3325 6490 5472 3838 2018 6050 6199 485 5478 7294 7706 8396 7949 
336 1302 8238 2153 8007 4964 7247 4324 7211 3872 6521 2439 
337 7538 3899 4275 7755 3620 3167 2817 4630 8021 186 6532 7684 
338 36 138 3035 653 7041 5831 578 3056 8572 7441 6630 2818 6980 8539 2016 7289 2327 2340 3074 
339 5842 2423 7038 4096 3388 4137 5700 9742 7831 7973 5434 615 3433 5383 46 238 
340 1376 4897 7306 3890 5331 2261 5281 5613 5780 9713 2818 4765 2 
341 980 6158 8272 8389 4033 7016 3458 8616 3576 2818 427 
342 164 4445 512 2445 1157 3763 9359 7584 7222 3795 8240 4240 310 3936 2662 6170 2114 2288 
343 2275 7278 3486 1582 2895 6836 7967 4314 55 6794 7240 3270 5401 306 2924 776 6211 4234 1328 
344 2549 6340 7259 9737 2683 6356 383 5466 1616 5857 4395 7694 2437 6547 7880 
345 8291 963 2584 8 2336 4327 5422 2728 3092 
346 9864 3790 3397 7339 7183 4649 6735 4046 7245 2365 9296 9025 3032 
347 4333 9793 7879 8586 3538 1545 4516 1402 92 940 8282 3377 9545 5748 
348 1566 3821 8316 2017 4031 3611 6859 3072 83 3396 2787 8586 8342 6675 652 9265 745 
349 2357 9088 8213 7197 6318 5117 391 9357 436 622 8728 3125 9199 2555 
350 7738 8238 2656 4325 7211 9395 3272 8682 5185 9758 569 4326 
351 2130 3048 1369 2842 9406 6223 349 5661 5294 7926 6731 9895 7524 410 8092 4855 321 427 2240 
352 1331 9814 1276 239 7202 6226 5039 9841 9692 9487 2884 1223 8399 6616 6537 
353 1785 7327 5469 5941 8329 624 656 8687 3959 2575 3537 663 3432 6073 4527 2555 
354 9705 2733 6670 7119 5833 3067 4324 8800 4703 36 1997 8078 4645 1900 4765 
355 7423 6249 2004 1191 6374 5658 9553 8642 7850 7647 1563 2897 9404 3012 
356 1594 4454 3190 482 362 160 3904 4410 2705 2389 4896 8450 8644 2288 
357 611 6784 4042 6523 333 2747 6043 8625 2766 4280 2904 7153 
358 6628 5581 4491 727 1224 5730 2636 2899 2116 5144 1852 9160 4199 
359 2017 9165 7891 8976 4427 56 2458 9508 264 1480 4156 1164 1476 5762 
360 9928 168 7342 5 1428 9622 9839 5452 2818 9657 6376 5180 3653 1406 6625 8776 7456 1668 
361 4090 1468 8540 1389 8105 9621 618 7455 8609 8559 1797 9073 2414 1784 9968 
362 6182 1244 173 7450 4978 398 1156 9326 7747 3964 7240 
363 4988 2600 6929 8818 7648 6979 2869 8755 9146 6425 374 8193 6101 
364 5001 2415 7484 1412 2908 6512 6498 7683 2471 8287 3590 83 2732 3383 2792 8907 7756 6938 
365 6090 6751 9526 8746 8144 9211 1661 2655 2217 753 9453 183 7438 
366 3544 3974 8966 8825 5722 961 1380 9045 6619 145 8797 6625 9852 3877 
367 337 4766 4342 4210 1364 5162 8632 3514 4966 3177 9521 1298 774 402 7234 427 5715 
368 2557 9343 3493 4310 793 9936 304 8917 9363 8608 7071 1381 5748 
369 2281 4239 1872 7161 3820 2997 1996 2861 2516 465 6839 1918 7630 9043 2962 
370 8934 7537 4231 5882 2286 9983 7735 1455 1657 5111 303 5758 631 2030 1929 6827 3885 
371 6858 9500 2258 1346 4697 7816 3653 6116 4201 7805 8883 6020 3012 
372 8011 8851 4732 5183 1201 7025 3473 466 2319 4760 523 6134 79 
373 4436 8807 8454 2243 5923 1262 9634 5859 5296 709 3603 3545 1042 8116 1299 9848 79 
374 5198 5701 4295 5773 7687 9305 7207 8897 8099 5569 5670 6054 9007 
375 5205 2812 1291 8772 6124 3094 6740 5423 8809 8227 8145 8994 
376 7465 4174 2759 249 6463 8241 182 7573 3150 7247 5244 1216 1117 5437 2121 
377 4617 531 600 2230 1852 6349 9817 206 4106 1148 3343 9848 2240 
378 2455 2053 3426 1884 380 4388 6679 449 713 6035 4624 4855 2643 
379 4738 7372 4514 9517 7986 7584 7621 9783 7469 512 6765 2175 1668 
380 3450 8572 7173 1575 5152 7418 3690 7881 5592 37 5359 9148 5989 5948 6054 
381 6399 7021 4822 3827 5026 2697 4825 7495 5916 7817 8896 7023 9292 7180 3371 3074 321 9968 
382 8645 1942 4936 451 4961 5069 6600 1327 8184 5794 9406 2583 1670 79 
383 7377 3090 9952 5240 8833 8639 2793 9508 9831 7054 5369 7521 7652 
384 4502 8891 7189 5536 2627 3695 9234 4825 2614 6967 7759 3936 5715 
385 1702 4981 2622 3418 3390 6005 7923 5737 3745 3441 523 4624 2962 
386 9572 8446 8252 4825 8373 9891 9941 1398 1040 3561 647 6938 
387 1925 4391 256 5850 4321 0 2521 3446 9709 4027 3012 8994 
388 8328 1587 2540 7671 4118 9322 2035 2183 270 4608 7788 7153 
389 8347 7428 1928 6112 4000 9400 3522 1726 8445 7179 3783 
390 4574 273 1656 9893 5750 3550 1471 2385 6792 5674 1374 3842 6986 
391 2626 7134 1046 6307 4992 2152 4762 7445 956 2155 
392 4582 9590 4374 5379 9501 2689 6167 9190 3157 2595 4199 2240 
393 4241 2318 1048 1659 8988 2386 182 7605 6873 7940 7470 7438 
394 4177 4630 9896 2417 7184 2723 9402 9241 7847 9780 2790 321 
395 3311 2272 2356 4906 778 4436 7348 1369 1668 
396 4808 3910 9194 3351 5498 492 9438 7003 2463 1969 3830 
397 86 1503 5637 2311 2864 6072 8624 5927 467 820 9219 5307 2288 9968 
398 9745 4195 5980 6734 149 8180 7243 2616 6354 299 9096 8860 1716 6698 7138 8812 
399 5598 2985 5987 6976 5233 1210 727 4428 2975 1206 6014 4526 5412 427 
400 3855 8772 8041 3241 5912 7048 2715 7626 9814 9376 2920 9233 3870 6464 3798 5445 979 
401 8045 4237 9171 7258 5165 633 9421 1227 3479 6653 7773 3163 8883 1984 2 
402 3154 6579 8993 598 6760 1918 7654 5727 8753 8321 220 9580 3505 4870 4527 7413 9244 
403 1529 9450 7642 1943 6544 8525 8111 5384 1945 5107 1647 205 
404 1610 5195 3565 805 2270 2205 6650 6495 8045 5033 688 9666 5772 2577 7085 1560 2 
405 8479 2588 2376 6660 9418 9989 9861 3223 8056 8163 150 4619 427 
406 7719 7490 6231 1757 8793 7623 5215 4127 3297 2715 1017 6134 321 
407 1053 2041 9193 2056 7722 1062 9353 4164 1231 8102 477 6458 2288 
408 5000 5258 3856 8213 2500 2528 8327 5739 3579 3576 2486 3103 6030 3836 
409 4856 9320 6474 2961 4862 2424 6845 6895 3684 2274 3903 1633 4045 847 
410 3270 1635 7925 2493 4481 3600 1128 5409 2919 9548 3758 3936 
411 831 5635 3404 2202 3461 8750 882 4737 9082 6550 2346 7355 3144 7652 
412 9695 2721 355 5247 7666 5905 5495 2795 3280 571 1374 7044 2175 3982 79 
413 7070 2017 3153 488 3780 8179 4092 4037 1820 1048 5466 2377 9871 6061 1657 3106 8491 
414 7282 9783 1755 1381 4193 6589 6186 4046 1169 1234 3235 4680 7610 2 9842 79 
415 7157 7100 1960 9330 6710 4569 5179 4673 9314 324 5109 3545 9990 7133 8387 
416 1922 7442 4291 4785 8515 2406 3381 473 8656 1935 4040 3722 6061 6584 
417 4604 5402 2725 743 1550 9219 7830 9287 6243 4562 4628 1129 3121 8498 5762 3089 9007 8994 
418 7705 3296 6081 9119 9210 1738 2291 9764 3653 9604 2322 2349 7762 
419 5406 1273 1922 8871 9832 8334 201 6224 9171 566 8464 3631 5846 7077 1134 3074 
420 1486 9069 4484 3531 3605 2539 5728 3634 1482 6324 616 9374 447 
421 7642 5683 6371 4871 712 2765 6088 8974 7199 7369 8243 4079 8431 8711 
422 3540 1605 6791 8356 852 3756 1457 1338 6380 7171 1770 7786 6692 
423 1466 8712 5552 4650 3716 5460 8308 5998 9922 3428 5269 6545 8880 2175 9848 3074 
424 8986 7391 2735 912 3220 9432 3203 9077 1765 9445 8400 7385 3816 9505 9404 2013 199 1145 2240 5254 6296 
425 3492 6546 5578 3263 4082 6271 5056 2189 9981 1256 3586 
426 8942 3787 1461 6479 6256 2655 304 111 6558 4615 6759 2416 8832 3982 7153 321 
427 1047 6644 7559 2591 5488 3512 5046 10 2803 7335 7153 2555 3877 
428 2284 4492 5153 7366 8981 798 2067 9809 1915 1581 560 6306 7055 
429 187 8477 5513 5387 4921 2392 3564 9951 2379 5942 934 3513 1986 5824 4531 7153 
430 5623 1810 414 9884 4796 6884 1102 4941 7380 7904 7301 4529 4912 7852 2 
431 7885 5157 717 4822 7585 1724 1847 19 8764 3580 1948 6091 3195 6001 4311 7699 
432 6927 7421 5423 9631 176 87 6767 2679 5442 1982 2781 9252 6250 2240 
433 2041 5796 6870 2751 9861 1916 5085 3738 8186 2960 3528 3309 9852 2327 1134 6258 2962 3982 
434 1489 5237 2693 8511 6959 2098 8703 1084 5607 8376 3994 2466 2867 1774 
435 9455 8025 6599 6917 8319 3615 6839 9058 6122 2123 1292 5702 3163 
436 7609 7930 212 3743 7558 8448 8226 2764 744 80 1008 7629 9301 3012 2240 
437 1433 3088 8703 540 7809 4741 5977 1026 6990 6508 6005 517 9453 
438 1304 9408 456 5449 6298 2713 4363 6751 4834 6541 7826 2902 8830 8994 
439 1266 3421 7301 5949 3188 931 4196 7150 3965 3146 1979 8125 
440 6397 29 7465 114 7237 8250 8854 6512 596 533 2613 4084 3163 
441 9310 9804 961 3162 7577 4458 2731 9369 111 7985 7907 866 2875 9533 
442 7581 1389 5116 661 7169 5494 872 6805 7279 3342 8296 1942 2452 6351 3795 4760 1763 3758 321 
443 7503 7962 6318 2126 2832 2708 1978 1221 840 5288 4060 6692 2422 
444 7009 2431 5287 3086 4591 1063 3627 724 9567 5672 3961 5715 
445 5130 6256 6553 6681 6511 2160 8717 31 9226 865 4507 925 4901 
446 1372 355 6257 8542 4798 9945 9929 3687 7046 5741 4354 745 
447 87 6002 3808 2377 5258 6123 3211 6717 975 646 8815 1020 7899 5748 7296 
448 6597 4776 9618 1851 5476 4414 8263 5974 1685 2862 9192 2704 3728 
449 2976 9950 4649 4010 8312 9569 6279 7539 9620 9923 5902 1956 
450 6979 5551 1558 5092 5479 6325 9770 6647 9272 1153 3032 2327 2962 
451 4608 8107 1943 9133 413 496 8996 3858 5469 2624 1116 3785 7004 238 7153 2962 
452 607 2949 5686 3024 999 274 580 4154 1445 3219 4168 7575 3894 
453 5380 4364 9776 9397 3815 9877 3515 9588 1717 8263 9040 4151 427 2288 
454 118 1876 5354 5528 4303 9827 2314 4246 9981 7822 9270 2240 
455 4047 3332 3479 3296 8326 2396 8970 2919 3129 6963 3373 3172 8614 3050 5175 
456 4952 3767 3690 9159 4853 3142 566 5840 3388 4552 3553 8495 2962 
457 7514 4583 6456 8979 6010 3767 8744 57 7989 5706 6986 
458 2636 6969 6138 1191 8409 8469 5612 7163 2286 3597 8251 7852 
459 4675 9484 9899 9871 7119 1111 5621 8783 514 4414 6920 6613 7652 5677 8387 7438 3074 
460 3083 9439 2717 9670 8759 8275 6749 8765 5670 537 8894 5869 
461 7338 6835 3685 417 1566 8736 2517 9074 4600 1116 8027 8406 
462 8035 2924 3446 413 1663 1155 8292 7721 53 6334 5248 6778 6101 2288 
463 1002 7074 520 9430 5176 7321 5763 1111 2140 9713 321 
464 5461 2313 525 6521 3242 888 2132 8040 5681 8809 7191 4282 6105 3371 
465 9469 7232 1236 595 4392 2143 7697 9422 2321 2003 9580 2155 
466 8342 8568 4895 4772 897 4883 7428 9096 684 9667 2288 
467 5686 3796 5092 5744 4917 2725 4922 127 1009 1360 4199 
468 100 899 2352 9033 1941 6267 9880 7275 6388 7744 7012 1299 5715 
469 2714 9234 6995 9398 3497 78 953 634 8477 2389 9701 1042 979 
470 8963 6475 9909 5202 4322 3094 2554 9309 1029 4222 8212 2555 
471 6185 1116 1862 9857 185 2743 9833 3525 8841 7883 
472 8788 1208 2066 1181 7925 713 2223 1426 8955 2977 4159 8605 8989 4004 2537 8830 2327 6101 6938 
473 9824 8199 6858 7558 2834 3826 9802 6301 4002 4313 5885 2100 4326 
474 3228 723 9617 4710 6310 777 4227 9916 1418 917 8484 7699 
475 8138 757 8064 4676 6468 3560 6717 2476 7778 6567 8885 8269 8332 6889 
476 6822 5146 339 362 6115 169 286 3443 7854 9707 2674 8836 2676 7120 
477 592 7045 6254 6890 1232 2563 5526 4552 684 4480 7486 1268 6144 9007 9930 3830 3982 
478 9155 5550 7918 8909 4050 9358 8422 494 6526 9007 
479 4573 9787 167 9222 6651 6730 5042 6973 7715 4273 9041 6578 1586 5412 
480 2361 3216 9477 644 4428 7250 3709 8787 5725 469 3453 1353 935 2240 
481 2338 8622 2820 2083 9685 1844 8452 2909 519 8455 3642 450 2240 79 
482 6180 4398 2359 107 2385 1829 968 7253 1627 3926 3383 7950 5063 7240 7762 
483 2075 1729 2907 3603 1245 9961 1279 1681 7383 7858 238 79 
484 453 657 4906 19 1864 9563 1556 8744 9145 585 8231 2242 6101 
485 5614 5016 1189 5309 2106 3527 687 8979 5550 4352 3074 
486 3954 2905 4215 3757 3181 7016 1108 2972 2837 7198 7193 3936 
487 3848 3617 651 1377 8543 5493 2748 1284 5003 640 
488 3478 3644 8258 5779 1540 8641 7309 5498 4271 1613 3830 
489 4740 7208 5453 6186 3411 3471 2298 5868 9067 3827 625 1979 2240 
490 7117 7225 5182 7227 1690 2452 2043 9830 2591 9498 5617 2821 2304 4035 2962 
491 6241 8595 3631 2832 3330 344 3990 656 995 3754 4695 6424 8387 7153 321 
492 3075 2586 6656 929 1838 9225 1568 4657 8252 2030 7347 369 3316 
493 2939 9020 723 8438 9556 6505 4866 1002 6809 3841 5662 1299 
494 4706 1332 7302 1302 9772 6641 4473 4771 5441 6659 2453 4379 1900 4985 6327 2962 
495 3476 1852 6089 6502 3663 2754 8060 9722 2256 6048 4355 7548 2511 2274 2598 7659 979 
496 8138 92 4225 1917 2286 2214 9131 6154 2429 5004 7960 7883 
497 6265 3294 3860 3655 7738 6709 6206 5662 5141 3232 1383 352 
498 8765 8976 3692 6395 7927 7609 2245 4029 1259 9436 8284 7883 
499 7437 2967 7697 8086 4382 2987 7722 8691 6229 9014 647 5412 1668 
