100
0 0 1 2 3 31 4 5 14 2190 2580 1111 9355 13 9 70 8 281 50 5278 2404 118 6 5345 17 64 29 2659 2325 5032 7501 24 3624 7918 236 554 
1 0 6 1 3 2 5 12 29 4 1795 68 2021 194 666 141 56 21 14 5003 17 18 9 10 142 245 72 1726 97 1177 52 638 815 176 8 1290 
2 0 3 1 2 4 577 277 445 1034 452 73 154 2982 9078 22 655 6582 35 3318 2030 41 9358 766 63 14 4967 6 8117 17 70 83 5 7 211 1134 404 
3 0 1 2 9 5 3 22 6 2963 122 32 5551 144 384 11 446 15 456 153 12 21 59 235 67 20 430 34 1088 82 
4 0 3 8 93 371 153 15 85 1229 18 111 1250 27 7451 14 72 227 5245 4 64 9219 122 1 242 5 12 5445 51 63 342 333 146 126 1482 138 2818 
5 5 18 1 3 26 16 25 62 1292 353 4 0 56 104 904 728 92 23 15 347 86 362 2 642 48 6554 460 173 168 1104 2208 40 27 1263 621 3849 
6 0 3 8 6 28 2138 10 17 2072 401 52 49 68 78 112 743 1585 11 263 130 191 7 2 4996 12 13 165 3630 327 515 3552 23 63 138 3244 2264 3756 
7 0 1 2 4 3 29 949 3153 4804 714 6 12 9 49 462 1072 8 81 1109 84 34 109 33 108 5 78 151 18 21 14 7624 1310 
8 2 1 0 3 93 6 4 5 2586 1580 26 6660 1014 4916 188 290 203 19 15 10 5780 57 118 7 2573 11 709 22 16 115 297 27 14 20 8 1495 155 3467 
9 2 6038 20 3898 32 113 64 1 0 4 46 645 1093 6261 16 5 144 6381 25 35 3 7 170 996 4864 6 6304 846 202 243 145 6729 
10 0 6 3 11 2 1 5 345 1426 9 29 36 19 1466 30 101 8290 262 1280 2262 108 4 758 22 60 15 62 10 145 347 410 6049 2848 1737 
11 1 0 4 2 216 13 5 6 20 1877 4312 2010 24 15 16 71 14 7 370 1548 531 2941 790 1020 68 296 10 284 51 2158 1303 1291 3979 9 8 126 
12 0 2 1 4 17 6 12 11 34 97 10 14 7 91 533 1826 5 5253 39 54 3 15 9531 279 68 7075 25 970 23 126 4301 176 2153 1263 1310 1502 
13 852 1 1869 5 2 12 7 8687 1229 0 51 29 24 2384 1924 41 136 4 16 60 17 15 63 505 6 230 165 9 26 3 919 5482 
14 240 1 33 13 0 3001 311 23 68 99 9512 22 61 4 21 6 141 1687 1076 3986 789 237 48 47 1094 72 1519 1387 74 243 138 3046 
15 6 0 1 5 266 55 866 772 206 3260 612 2078 1269 955 200 16 23 149 10 9 4 74 12 7 7234 2073 14 319 326 26 8 33 2 159 3563 4273 9542 5959 
16 101 2316 435 141 0 5 580 137 3 254 31 552 27 22 2 478 8 30 243 2506 16 3929 68 356 381 805 51 64 606 128 3471 9 968 
17 4651 0 1 4291 5227 70 530 2382 579 32 64 19 2 13 26 201 49 200 154 16 160 228 2502 12 321 33 9174 4134 583 355 
18 0 2 1 7 8 1490 3130 49 5542 4 669 161 33 7328 3 2741 2343 3612 12 2420 10 28 3372 9 66 25 73 68 2744 1334 708 7984 
19 1 4 0 6 29 9 2 15 8 42 14 736 71 292 5 890 62 580 7 3 1164 935 159 1636 1132 3074 26 24 3384 89 201 7796 404 1384 708 5926 
20 560 71 110 0 295 11 80 66 2 943 16 9825 527 99 18 3 152 14 15 7899 23 7 438 154 2772 1 24 9424 692 218 6 3052 5514 2153 1290 
21 1 0 2 9 7 4 3 5 8 31 29 1273 18 17 12 20 90 95 131 1934 677 74 411 234 11 747 4020 21 10 13 68 632 737 409 594 120 3110 4247 2848 
22 0 3 2 1 6 455 1021 293 13 5 4 77 78 201 509 1935 645 5337 18 246 24 67 4633 1099 59 224 4360 5664 152 199 708 1290 
23 0 6 3 11 2 8 13 7 4 113 64 54 16 1 308 115 542 28 857 7818 180 255 19 2522 764 241 23 1115 26 7310 58 4877 70 1070 176 2060 
24 1 2 0 5 864 50 10 148 277 77 95 628 131 41 9 615 12 102 48 3 15 5248 7366 287 38 7 285 1726 520 147 141 27 43 1434 138 1502 
25 0 47 492 51 26 17 7 1416 1 12 3662 108 4204 104 9 3 2522 20 11 2 80 155 464 2770 8 48 37 98 33 2007 4311 4225 28 728 2264 
26 5 3 18 14 0 9 116 2 5974 902 6 1029 28 318 725 38 1 721 1047 84 61 522 199 131 3600 195 237 2890 977 412 220 3447 41 151 159 291 22 316 303 138 
27 1 67 52 2 47 579 110 51 36 0 170 6 81 10 82 9 134 27 93 1056 5 3 183 821 368 4356 78 6892 7 161 1343 15 8080 
28 0 1 68 36 532 14 9577 118 21 19 86 191 653 6 558 20 2622 7723 66 127 320 17 45 491 8 9 267 142 7325 48 76 396 330 5631 708 9517 5921 
29 0 2 5 3 1 142 2491 41 58 308 2321 950 3011 183 11 19 263 755 888 61 1986 1438 1995 443 8262 15 319 16 3255 1835 390 2280 9 216 2857 37 
30 0 1 2 8 13 10 15 5952 67 4199 7 349 9 5011 304 1136 2460 150 462 20 6 19 539 16 4 3 2912 112 425 21 2373 193 329 69 126 2076 138 
31 0 3 2 1 5 9 591 360 415 696 7 40 10 52 46 41 49 26 915 90 115 6800 809 33 4033 768 2431 38 679 355 3455 316 1714 7624 
32 1 0 5 4 2 667 651 115 194 221 444 216 317 476 260 13 58 202 5262 816 87 67 593 80 45 14 7 12 342 17 8 9 126 176 
33 43 753 439 2 40 339 905 130 110 0 211 5 2339 243 341 9907 20 8 26 7585 4 1 52 39 19 1962 276 90 107 528 141 561 28 7 2383 9365 
34 0 1 3 2 167 9 1034 115 13 170 1961 3043 247 713 644 16 328 143 438 350 7 29 1573 14 83 8966 504 4 24 120 114 679 2713 3097 
35 71 300 6670 7 0 48 1041 20 61 1 7559 26 9230 3 42 766 2610 28 5428 4374 35 9495 482 33 700 1585 1557 167 11 4 448 32 6 1721 665 121 686 
36 0 1 2 4 3 30 144 27 90 43 479 13 113 515 79 5 32 7582 42 85 18 2795 12 486 161 112 4219 11 41 89 8 69 
37 0 1 25 10 30 76 23 7 163 2814 60 161 24 1144 11 1045 3964 44 27 793 405 264 1878 14 124 45 1150 3696 353 697 313 145 496 41 211 120 126 2591 
38 0 1 2 3 9 4 2352 36 5 926 385 66 15 416 175 7486 8 49 529 38 21 16 73 2463 11 97 2886 194 144 7 23 143 80 1434 57 442 
39 399 106 7 2 15 27 3 771 138 37 0 917 1 1015 10 6 4547 8 67 34 99 25 5 31 3475 4 675 2570 19 199 8558 57 139 28 867 5921 1671 
40 0 1 6 3 29 80 5696 111 12 174 2600 5 48 41 453 4 311 713 157 23 66 889 126 1039 3251 38 28 1439 224 120 4841 
41 0 29 34 6269 1 16 4304 18 4 8 2 60 5 79 90 10 37 24 401 154 31 418 519 4455 9 1271 91 799 5656 102 184 268 
42 0 14 1 440 424 1191 1107 3 3054 8176 2 127 23 2426 68 6303 16 2944 22 731 2384 3689 6 1003 50 37 681 90 10 255 55 9 184 968 1263 3097 2848 
43 0 2 4 1 23 8 30 12 32 7012 55 295 1566 74 1238 9 214 7 457 6540 108 811 945 2171 6544 3478 2545 2243 6067 389 6 2296 138 
44 0 1 3 2 16 5430 286 588 6149 4 32 35 2715 8906 22 7386 9521 23 33 92 75 1002 20 200 44 7987 506 7 2417 8 8541 
45 1 0 2 3 46 336 9 36 293 34 6 3620 55 10 39 85 5 370 292 59 40 30 214 8 41 7379 82 4893 1310 7055 
46 0 1 2 6 13 8 4 15 3993 137 39 582 84 36 11 10 3040 43 5 34 2505 393 546 31 255 14 12 17 148 1502 
47 67 8 0 31 71 36 494 1 45 2 168 154 54 234 5 8719 51 9831 5618 7493 148 52 41 6 4471 606 4 262 2615 6393 20 3106 2264 1495 
48 0 4 1 14 89 10 730 33 18 11 6 6962 9 25 5 4591 348 86 36 16 98 37 2 95 223 997 2281 20 226 1116 45 725 4247 138 
49 258 0 20 829 238 113 43 145 8 2 1155 7 166 3 1061 4 45 1 1972 1112 48 945 36 415 739 42 505 22 56 158 9 216 3490 187 90 6 2633 5 243 583 1671 
50 0 7 1 9 10 43 30 101 144 45 8 40 76 19 4 67 242 85 3162 2762 13 3655 4392 86 793 21 3980 4140 4038 1473 9814 97 211 63 896 485 138 3244 1671 
51 138 0 345 487 780 185 93 468 180 2620 297 1 5 20 127 1035 1383 9165 6 14 225 2 3 493 1063 284 81 12 155 4946 
52 1 0 9 4625 8 104 15 175 2 3 548 5817 870 476 3738 5573 98 7 505 4 8868 137 337 18 261 326 59 1366 651 5 268 63 303 6402 485 
53 60 6845 4132 168 96 3 32 681 7241 0 1032 106 6121 23 34 2328 1 366 192 2 155 4 7 25 458 688 8 13 27 401 16 48 1256 583 3102 
54 0 1 2 3 64 1358 12 9 5 836 8980 122 884 9289 503 4372 30 8614 20 45 31 1522 90 4175 196 406 23 129 345 217 13 14 487 192 15 155 138 
55 0 2 1 4 3 11 10 1358 42 7430 1993 36 12 25 6 3233 14 288 715 1408 5 92 18 615 592 19 2927 300 1795 21 128 55 7 8 27 900 
56 0 3 2 6 1 12 34 7284 8714 2242 9 20 5146 1193 3614 9163 606 818 22 384 570 60 998 545 8 7147 633 17 14 5659 1315 
57 0 1 2 8 7 15 9 3 70 149 104 5 3129 1999 2555 19 17 29 94 6192 4 5156 463 1469 8468 225 95 213 39 14 197 2780 3975 
58 1 0 43 2 357 45 295 3 934 12 8682 1921 15 17 6720 575 5 1498 745 7 18 1057 3603 28 79 30 4295 52 13 376 61 968 126 3106 2153 
59 0 5 9740 42 1 2 35 11 5165 15 399 133 24 1655 8 29 7 2583 6 12 188 6882 86 3 2188 13 1098 152 43 923 4 2736 
60 2 12 4911 799 0 538 190 1 7161 49 9 4 31 125 40 9770 5661 38 1619 7770 424 1382 586 2501 23 77 226 199 14 583 
61 0 1 320 20 9 31 2 4 12 838 436 6 32 7 53 8 6481 15 13 394 531 144 18 2142 7272 5 35 1931 336 478 11 2052 611 365 1006 236 252 
62 0 44 1 6 2 14 3 333 2191 692 328 142 865 3754 576 3640 7559 367 203 4 1135 13 22 17 185 5 12 47 453 170 1900 727 155 1310 
63 0 1 2 3 9 4 8 16 97 21 903 5 13 3622 217 32 18 6 299 12 48 132 71 4270 10 364 7372 4394 579 7 5447 138 
64 75 191 1738 17 112 7860 10 1021 0 1 29 32 3 7189 4 96 12 355 8 9 11 20 679 111 40 2642 236 9584 7 13 210 58 178 714 524 117 731 1737 1671 
65 0 1 2 9 3 6033 5 2584 17 20 56 4 31 15 528 19 14 24 64 2193 29 130 3023 5591 180 38 353 352 6215 2787 815 1656 3244 
66 14 0 18 349 79 1506 38 1 5 56 3 3545 72 1260 9 739 844 291 10 214 118 224 249 40 832 24 2 51 573 50 1779 30 146 65 7677 6656 
67 0 1 641 535 4354 5 6 3 4508 64 1188 42 9824 38 4498 26 59 2 9 174 526 2179 162 22 14 47 117 3566 8 43 800 708 138 1263 1290 3975 
68 504 254 93 966 10 855 0 59 2454 1501 2 47 507 13 56 599 9161 3 1688 1637 5 25 595 12 9479 4867 584 681 8 138 
69 0 2 1 4 17 2033 5 5633 18 12 42 3901 6 22 34 26 29 54 5650 11 1051 1044 194 3062 484 1490 97 232 20 13 552 2120 
70 1 0 2 20 6 16 3 52 160 95 6011 1175 108 14 2173 1776 1493 4646 9725 47 831 7 969 15 24 42 752 9884 262 8 21 121 3807 138 3244 
71 3 5 2 27 0 1 74 9354 47 8 63 17 57 488 32 113 33 9 24 3969 58 127 187 6 87 22 611 945 5214 177 2824 7 18 3097 
72 1 0 4 6 76 6190 192 29 5 173 66 11 492 3 15 379 5029 9 30 2 35 38 535 819 6577 111 8 36 2322 33 1347 121 708 948 
73 0 317 1 77 19 378 476 3506 423 20 9 4287 11 225 2 5 604 816 12 35 3725 921 110 3666 39 703 46 3 120 56 80 26 487 155 2060 
74 2 0 1 4 320 3229 6281 11 261 30 23 98 7296 15 13 55 118 41 162 7114 154 96 8 2599 516 120 6507 34 185 12 5 9 2028 6 923 69 176 138 
75 0 1 2 9 3 15 4761 5 10 20 3833 4 112 6 3121 752 628 1602 6466 35 856 11 535 116 3324 12 13 5570 14 19 8 3025 290 2572 4336 176 
76 20 42 113 12 2419 72 10 733 0 1 4 4061 4345 11 2 5168 390 7 94 66 102 4884 18 206 967 208 691 5415 97 2364 9 16 22 3599 199 3071 8 900 
77 0 308 1 63 9 618 54 29 177 7 16 132 49 1127 2 27 1215 24 2933 1122 46 23 320 115 6 244 4594 56 10 4 17 453 224 20 8 554 
78 0 3 6 1 196 2571 131 5 2 12 2171 84 32 806 139 46 472 44 108 135 4 50 207 29 1019 144 114 17 334 1667 36 860 5459 7 63 968 
79 1 0 3 9 6 2 192 33 71 25 93 22 44 1481 213 200 4 239 2929 613 36 1795 1479 311 1333 1954 583 4371 
80 22 43 0 1 355 7123 20 46 107 2 21 68 6 87 5 903 9872 27 128 41 32 51 54 16 192 170 14 111 361 1810 4 175 909 252 
81 24 2952 1 8 85 0 6 44 618 2491 274 7 1581 549 90 41 13 12 9 2763 11 2 96 297 22 54 21 14 15 1272 37 172 8017 301 697 1624 2389 476 27 155 1263 
82 3 0 6 2 1 715 26 276 4 9 12 2345 10 17 1458 77 16 1316 1357 253 237 6045 32 43 2607 151 2212 2371 869 3097 
83 5 6 0 1 2 729 114 525 58 41 130 239 725 51 2181 3115 10 21 6400 493 384 8779 231 66 109 542 4 9948 3387 383 7 37 
84 370 3 0 4 16 1 159 5667 2 878 95 94 4642 6868 660 60 11 28 2420 2034 17 263 3618 2246 24 33 362 42 7699 49 621 4291 5276 1737 
85 2 0 5 32 3 7 559 10 1 319 40 17 50 106 12 94 41 6967 1878 8 146 52 63 75 162 2741 25 22 6 223 9 442 28 
86 0 1 17 5 46 831 239 591 3607 11 2 549 7 469 111 79 1010 27 2080 108 183 231 135 143 24 4 104 12 45 28 744 1307 3849 1502 
87 0 1 2 9 4 3 7 20 2620 177 1595 4904 125 267 18 6680 11 260 31 145 5 1897 85 70 37 130 60 1683 377 1352 197 
88 1 6 0 5 23 9 4 7 3519 118 2 24 183 2913 913 137 6339 631 21 22 2124 212 8 6439 1644 350 146 61 206 30 1370 71 170 18 28 702 329 554 
89 0 2 1 5 7 763 878 3 183 6135 733 6357 57 155 27 150 14 6 55 43 169 736 684 25 13 504 756 38 1059 71 1156 17 11 325 3126 873 6138 554 1334 621 583 
90 0 3 2 6 1 780 654 3545 2390 76 47 65 618 48 41 707 124 152 511 251 14 147 77 4327 66 195 1416 2905 176 3198 
91 2367 14 1866 0 28 26 1279 426 111 237 3 53 463 585 10 406 40 56 101 8 2001 1 225 610 162 6 266 20 329 3784 27 126 4171 
92 27 84 208 1321 1624 183 3 5 1131 20 2 33 17 1 0 55 35 11 101 277 16 89 348 18 1505 227 24 150 43 4 8 15 6 2371 583 3097 1958 
93 0 1 2 9 4 3 7 488 210 85 59 47 14 5984 30 54 18 278 1075 22 20 44 206 113 5 1736 168 6 124 503 1011 5381 
94 5451 1 0 5 24 14 30 6 197 57 483 3 160 2216 4 262 46 143 39 1484 11 458 263 35 795 2 581 310 4421 8 330 100 5710 659 4022 554 138 
95 0 2 4 1 23 32 9 8 111 29 6 2480 12 3 30 22 1050 347 13 131 83 5904 74 92 42 489 220 85 3891 267 5 2843 2316 
96 3 0 14 98 2 10 18 158 552 69 4 1 12 71 57 368 285 2527 65 7 27 8886 3860 51 6 81 17 21 29 1422 273 372 86 9 383 1692 5 253 193 120 
97 0 6 1 4 3 2 20 5 17 18 22 4988 8 12 50 5702 35 45 9 4920 14 1675 192 7 46 5470 13 7870 10 61 736 165 120 1958 968 
98 1423 1 4711 15 2712 38 4 3064 307 51 0 6 395 5 921 14 57 3083 18 75 30 1069 1732 2 166 3 39 88 355 7717 494 2546 6608 6008 3097 138 
99 1 0 5 4 6 7 9 2 42 5769 3133 1844 105 3 214 463 2492 1863 341 8 35 36 1978 41 14 40 331 48 1896 86 8401 23 957 797 
